This is METAFONT, Version 2.718281 (TeX Live 2013/Debian) (base=mf 2015.5.5)  5 MAY 2015 12:21
**\mode:=ljfour; mag:=1; nonstopmode; input lass1440
(/home/antonkov/.texmf-var/fonts/source/lh/lh-t2a/lass1440.mf
(/usr/share/texlive/texmf-dist/fonts/source/lh/base/fikparm.mf
(/usr/share/texlive/texmf-dist/fonts/source/public/cm/cmbase.mf)
(/usr/share/texlive/texmf-dist/fonts/source/lh/base/lcyrbeg.mf)
(/usr/share/texlive/texmf-dist/fonts/source/lh/base/lkligtbl.mf)
>> 14.4
>> "input ecss"
! I can't find file `ecss'.
<scantokens> input ecss
                       
<to be read again> 
                   ;
use_driver->...#=pt#;pt#:=true_pt#;scantokens(ss);
                                                  pt#:=true_pt#;font_identif...
l.304 use_driver(fonteq)
                        ;
Please type another input file name
! Emergency stop.
<scantokens> input ecss
                       
<to be read again> 
                   ;
use_driver->...#=pt#;pt#:=true_pt#;scantokens(ss);
                                                  pt#:=true_pt#;font_identif...
l.304 use_driver(fonteq)
                        ;
*** (job aborted, file error in nonstop mode)

 
Here is how much of METAFONT's memory you used:
 437 strings out of 5274
 4222 string characters out of 69996
 25403 words of memory out of 5000000
 1335 symbolic tokens out of 9500
 5i,80n,0r,4p,185b stack positions out of 300i,300n,1000r,150p,200000b

