This is pdfTeX, Version 3.1415926-2.5-1.40.14 (TeX Live 2013/Debian) (format=pdflatex 2015.4.30)  26 MAY 2015 04:13
entering extended mode
 restricted \write18 enabled.
 file:line:error style messages enabled.
 %&-line parsing enabled.
**\input thesis.tex
(./thesis.tex (/usr/share/texlive/texmf-dist/tex/latex/base/report.cls
Document Class: report 2007/10/19 v1.4h Standard LaTeX document class
(/usr/share/texlive/texmf-dist/tex/latex/base/size10.clo
File: size10.clo 2007/10/19 v1.4h Standard LaTeX file (size option)
)
\c@part=\count79
\c@chapter=\count80
\c@section=\count81
\c@subsection=\count82
\c@subsubsection=\count83
\c@paragraph=\count84
\c@subparagraph=\count85
\c@figure=\count86
\c@table=\count87
\abovecaptionskip=\skip41
\belowcaptionskip=\skip42
\bibindent=\dimen102
)
(/usr/share/texlive/texmf-dist/tex/latex/base/fontenc.sty
Package: fontenc 2005/09/27 v1.99g Standard LaTeX package

(/usr/share/texlive/texmf-dist/tex/latex/cyrillic/t2aenc.def
File: t2aenc.def 2005/09/27 v1.0i Cyrillic encoding definition file
)
LaTeX Font Info:    Try loading font information for T2A+cmr on input line 100.


(/usr/share/texlive/texmf-dist/tex/latex/cyrillic/t2acmr.fd
File: t2acmr.fd 2001/08/11 v1.0a Computer Modern Cyrillic font definitions
))
(/usr/share/texlive/texmf-dist/tex/latex/base/inputenc.sty
Package: inputenc 2008/03/30 v1.1d Input encoding file
\inpenc@prehook=\toks14
\inpenc@posthook=\toks15

(/usr/share/texlive/texmf-dist/tex/latex/ucs/utf8x.def
File: utf8x.def 2004/10/17 UCS: Input encoding UTF-8
))
(/usr/share/texlive/texmf-dist/tex/latex/ucs/ucs.sty
Package: ucs 2013/05/11 v2.2 UCS: Unicode input support

(/usr/share/texlive/texmf-dist/tex/latex/ucs/data/uni-global.def
File: uni-global.def 2013/05/13 UCS: Unicode global data
)
\uc@secondtry=\count88
\uc@combtoks=\toks16
\uc@combtoksb=\toks17
\uc@temptokena=\toks18
)
(/usr/share/texlive/texmf-dist/tex/generic/babel/babel.sty
Package: babel 2013/12/03 3.9h The Babel package

(/usr/share/texlive/texmf-dist/tex/generic/babel-english/english.ldf
Language: english 2012/08/20 v3.3p English support from the babel system

(/usr/share/texlive/texmf-dist/tex/generic/babel/babel.def
File: babel.def 2013/12/03 3.9h Babel common definitions
\babel@savecnt=\count89
\U@D=\dimen103
)
\l@british = a dialect from \language\l@english 
\l@UKenglish = a dialect from \language\l@english 
\l@canadian = a dialect from \language\l@american 
\l@australian = a dialect from \language\l@british 
\l@newzealand = a dialect from \language\l@british 
)
(/usr/share/texlive/texmf-dist/tex/generic/babel-russian/russianb.ldf
Language: russian 2013/04/13 1.3a Russian support from the babel system
Package babel Info: Making " an active character on input line 147.
))
(/usr/share/texlive/texmf-dist/tex/latex/expdlist/expdlist.sty
Document Substyle `EXPDLIST'. Released 22.09.1999 (V 2.4)
English Documentation  22.09.99
\listpartsep=\skip43
) (/usr/share/texlive/texmf-dist/tex/latex/graphics/graphicx.sty
Package: graphicx 1999/02/16 v1.0f Enhanced LaTeX Graphics (DPC,SPQR)

(/usr/share/texlive/texmf-dist/tex/latex/graphics/keyval.sty
Package: keyval 1999/03/16 v1.13 key=value parser (DPC)
\KV@toks@=\toks19
)
(/usr/share/texlive/texmf-dist/tex/latex/graphics/graphics.sty
Package: graphics 2009/02/05 v1.0o Standard LaTeX Graphics (DPC,SPQR)

(/usr/share/texlive/texmf-dist/tex/latex/graphics/trig.sty
Package: trig 1999/03/16 v1.09 sin cos tan (DPC)
)
(/usr/share/texlive/texmf-dist/tex/latex/latexconfig/graphics.cfg
File: graphics.cfg 2010/04/23 v1.9 graphics configuration of TeX Live
)
Package graphics Info: Driver file: pdftex.def on input line 91.

(/usr/share/texlive/texmf-dist/tex/latex/pdftex-def/pdftex.def
File: pdftex.def 2011/05/27 v0.06d Graphics/color for pdfTeX

(/usr/share/texlive/texmf-dist/tex/generic/oberdiek/infwarerr.sty
Package: infwarerr 2010/04/08 v1.3 Providing info/warning/error messages (HO)
)
(/usr/share/texlive/texmf-dist/tex/generic/oberdiek/ltxcmds.sty
Package: ltxcmds 2011/11/09 v1.22 LaTeX kernel commands for general use (HO)
)
\Gread@gobject=\count90
))
\Gin@req@height=\dimen104
\Gin@req@width=\dimen105
)
(/usr/share/texlive/texmf-dist/tex/latex/amsmath/amsmath.sty
Package: amsmath 2013/01/14 v2.14 AMS math features
\@mathmargin=\skip44

For additional information on amsmath, use the `?' option.
(/usr/share/texlive/texmf-dist/tex/latex/amsmath/amstext.sty
Package: amstext 2000/06/29 v2.01

(/usr/share/texlive/texmf-dist/tex/latex/amsmath/amsgen.sty
File: amsgen.sty 1999/11/30 v2.0
\@emptytoks=\toks20
\ex@=\dimen106
))
(/usr/share/texlive/texmf-dist/tex/latex/amsmath/amsbsy.sty
Package: amsbsy 1999/11/29 v1.2d
\pmbraise@=\dimen107
)
(/usr/share/texlive/texmf-dist/tex/latex/amsmath/amsopn.sty
Package: amsopn 1999/12/14 v2.01 operator names
)
\inf@bad=\count91
LaTeX Info: Redefining \frac on input line 210.
\uproot@=\count92
\leftroot@=\count93
LaTeX Info: Redefining \overline on input line 306.
\classnum@=\count94
\DOTSCASE@=\count95
LaTeX Info: Redefining \ldots on input line 378.
LaTeX Info: Redefining \dots on input line 381.
LaTeX Info: Redefining \cdots on input line 466.
\Mathstrutbox@=\box26
\strutbox@=\box27
\big@size=\dimen108
LaTeX Font Info:    Redeclaring font encoding OML on input line 566.
LaTeX Font Info:    Redeclaring font encoding OMS on input line 567.
\macc@depth=\count96
\c@MaxMatrixCols=\count97
\dotsspace@=\muskip10
\c@parentequation=\count98
\dspbrk@lvl=\count99
\tag@help=\toks21
\row@=\count100
\column@=\count101
\maxfields@=\count102
\andhelp@=\toks22
\eqnshift@=\dimen109
\alignsep@=\dimen110
\tagshift@=\dimen111
\tagwidth@=\dimen112
\totwidth@=\dimen113
\lineht@=\dimen114
\@envbody=\toks23
\multlinegap=\skip45
\multlinetaggap=\skip46
\mathdisplay@stack=\toks24
LaTeX Info: Redefining \[ on input line 2665.
LaTeX Info: Redefining \] on input line 2666.
)
(/usr/share/texlive/texmf-dist/tex/latex/amsfonts/amssymb.sty
Package: amssymb 2013/01/14 v3.01 AMS font symbols

(/usr/share/texlive/texmf-dist/tex/latex/amsfonts/amsfonts.sty
Package: amsfonts 2013/01/14 v3.01 Basic AMSFonts support
\symAMSa=\mathgroup4
\symAMSb=\mathgroup5
LaTeX Font Info:    Overwriting math alphabet `\mathfrak' in version `bold'
(Font)                  U/euf/m/n --> U/euf/b/n on input line 106.
))
(/usr/share/texlive/texmf-dist/tex/latex/amscls/amsthm.sty
Package: amsthm 2004/08/06 v2.20
\thm@style=\toks25
\thm@bodyfont=\toks26
\thm@headfont=\toks27
\thm@notefont=\toks28
\thm@headpunct=\toks29
\thm@preskip=\skip47
\thm@postskip=\skip48
\thm@headsep=\skip49
\dth@everypar=\toks30
)
(/usr/share/texlive/texmf-dist/tex/latex/amsmath/amsxtra.sty
Package: amsxtra 1999/11/15 v1.2c
LaTeX Info: Redefining \nobreakspace on input line 65.
)
(/usr/share/texlive/texmf-dist/tex/latex/tools/array.sty
Package: array 2008/09/09 v2.4c Tabular extension package (FMi)
\col@sep=\dimen115
\extrarowheight=\dimen116
\NC@list=\toks31
\extratabsurround=\skip50
\backup@length=\skip51
)
(/usr/share/texlive/texmf-dist/tex/latex/wrapfig/wrapfig.sty
\wrapoverhang=\dimen117
\WF@size=\dimen118
\c@WF@wrappedlines=\count103
\WF@box=\box28
\WF@everypar=\toks32
Package: wrapfig 2003/01/31  v 3.6
) (./sty/dbl12.sty) (/usr/share/texlive/texmf-dist/tex/latex/srcltx/srcltx.sty
Package: srcltx 2006/11/12 v1.6 Source specials for inverse search in DVI files


(/usr/share/texlive/texmf-dist/tex/latex/base/ifthen.sty
Package: ifthen 2001/05/26 v1.1c Standard LaTeX ifthen package (DPC)
)
\src@lastline=\count104
\src@new@everypar=\toks33
\src@new@output=\toks34
)
(/usr/share/texlive/texmf-dist/tex/latex/graphics/epsfig.sty
Package: epsfig 1999/02/16 v1.7a (e)psfig emulation (SPQR)
\epsfxsize=\dimen119
\epsfysize=\dimen120
)
(/usr/share/texlive/texmf-dist/tex/latex/tools/verbatim.sty
Package: verbatim 2003/08/22 v1.5q LaTeX2e package for verbatim enhancements
\every@verbatim=\toks35
\verbatim@line=\toks36
\verbatim@in@stream=\read1
) (./sty/rac.sty
\thelinewidth=\skip52
\c@anything=\count105
\c@map=\count106
\c@appendix=\count107
)
(/usr/share/texlive/texmf-dist/tex/latex/listings/listings.sty
\lst@mode=\count108
\lst@gtempboxa=\box29
\lst@token=\toks37
\lst@length=\count109
\lst@currlwidth=\dimen121
\lst@column=\count110
\lst@pos=\count111
\lst@lostspace=\dimen122
\lst@width=\dimen123
\lst@newlines=\count112
\lst@lineno=\count113
\lst@maxwidth=\dimen124

(/usr/share/texlive/texmf-dist/tex/latex/listings/lstmisc.sty
File: lstmisc.sty 2013/08/26 1.5b (Carsten Heinz)
\c@lstnumber=\count114
\lst@skipnumbers=\count115
\lst@framebox=\box30
)
(/usr/share/texlive/texmf-dist/tex/latex/listings/listings.cfg
File: listings.cfg 2013/08/26 1.5b listings configuration
))
Package: listings 2013/08/26 1.5b (Carsten Heinz)

(/usr/share/texlive/texmf-dist/tex/latex/placeins/placeins.sty
Package: placeins 2005/04/18  v 2.2
)
(/usr/share/texlive/texmf-dist/tex/latex/caption/caption.sty
Package: caption 2013/05/02 v3.3-89 Customizing captions (AR)

(/usr/share/texlive/texmf-dist/tex/latex/caption/caption3.sty
Package: caption3 2013/05/02 v1.6-88 caption3 kernel (AR)
Package caption3 Info: TeX engine: e-TeX on input line 57.
\captionmargin=\dimen125
\captionmargin@=\dimen126
\captionwidth=\dimen127
\caption@tempdima=\dimen128
\caption@indent=\dimen129
\caption@parindent=\dimen130
\caption@hangindent=\dimen131
Package caption Info: Unknown document class (or package),
(caption)             standard defaults will be used.
)

Package caption Warning: Unsupported document class (or package) detected,
(caption)                usage of the caption package is not recommended.
See the caption package documentation for explanation.

Package caption Info: \@makecaption = \long macro:#1#2-> \vskip 10pt \setbox \@
tempboxa \hbox {#1. #2} \ifdim \wd \@tempboxa >\hsize \setbox \@tempboxa \hbox 
{#1. } \def \@tempdimj {\hsize } \advance \@tempdimj -\wd \@tempboxa \hbox to\h
size {#1. \parbox [t]{\@tempdimj }{#2}} \else \hbox to\hsize {\hfill \box \@tem
pboxa \hfill } \fi .
\c@ContinuedFloat=\count116
Package caption Info: listings package is loaded.
Package caption Info: wrapfig package is loaded.
) (/usr/share/texlive/texmf-dist/tex/latex/subfigure/subfigure.sty
Package: subfigure 2002/03/15 v2.1.5 subfigure package
\subfigtopskip=\skip53
\subfigcapskip=\skip54
\subfigcaptopadj=\dimen132
\subfigbottomskip=\skip55
\subfigcapmargin=\dimen133
\subfiglabelskip=\skip56
\c@subfigure=\count117
\c@lofdepth=\count118
\c@subtable=\count119
\c@lotdepth=\count120

****************************************
* Local config file subfigure.cfg used *
****************************************
(/usr/share/texlive/texmf-dist/tex/latex/subfigure/subfigure.cfg)
\subfig@top=\skip57
\subfig@bottom=\skip58
)
(/usr/share/texlive/texmf-dist/tex/latex/easy/easytable.sty
Document Style `easytable' v1.0 <2001/06/13>.
(/usr/share/texlive/texmf-dist/tex/latex/easy/easy.sty
Document Style `easy' v1.1 <2001/05/31>.
Package: easy 2001/05/31 v1.1
\@easy@level=\count121
\@easy@ncol=\count122
\@easy@nrow=\count123
\@easy@cnt=\count124
\@easy@boxviii=\box31
\@easy@minxviii=\dimen134
\@easy@minyviii=\dimen135
\@easy@maxxviii=\dimen136
\@easy@maxyviii=\dimen137
\@easy@boxvii=\box32
\@easy@minxvii=\dimen138
\@easy@minyvii=\dimen139
\@easy@maxxvii=\dimen140
\@easy@maxyvii=\dimen141
\@easy@boxvi=\box33
\@easy@minxvi=\dimen142
\@easy@minyvi=\dimen143
\@easy@maxxvi=\dimen144
\@easy@maxyvi=\dimen145
\@easy@boxv=\box34
\@easy@minxv=\dimen146
\@easy@minyv=\dimen147
\@easy@maxxv=\dimen148
\@easy@maxyv=\dimen149
\@easy@boxiv=\box35
\@easy@minxiv=\dimen150
\@easy@minyiv=\dimen151
\@easy@maxxiv=\dimen152
\@easy@maxyiv=\dimen153
\@easy@boxiii=\box36
\@easy@minxiii=\dimen154
\@easy@minyiii=\dimen155
\@easy@maxxiii=\dimen156
\@easy@maxyiii=\dimen157
\@easy@boxii=\box37
\@easy@minxii=\dimen158
\@easy@minyii=\dimen159
\@easy@maxxii=\dimen160
\@easy@maxyii=\dimen161
\@easy@boxi=\box38
\@easy@minxi=\dimen162
\@easy@minyi=\dimen163
\@easy@maxxi=\dimen164
\@easy@maxyi=\dimen165
\@easy@hsizexxx=\dimen166
\@easy@vsizexxx=\dimen167
\@easy@hsizexxix=\dimen168
\@easy@vsizexxix=\dimen169
\@easy@hsizexxviii=\dimen170
\@easy@vsizexxviii=\dimen171
\@easy@hsizexxvii=\dimen172
\@easy@vsizexxvii=\dimen173
\@easy@hsizexxvi=\dimen174
\@easy@vsizexxvi=\dimen175
\@easy@hsizexxv=\dimen176
\@easy@vsizexxv=\dimen177
\@easy@hsizexxiv=\dimen178
\@easy@vsizexxiv=\dimen179
\@easy@hsizexxiii=\dimen180
\@easy@vsizexxiii=\dimen181
\@easy@hsizexxii=\dimen182
\@easy@vsizexxii=\dimen183
\@easy@hsizexxi=\dimen184
\@easy@vsizexxi=\dimen185
\@easy@hsizexx=\dimen186
\@easy@vsizexx=\dimen187
\@easy@hsizexix=\dimen188
\@easy@vsizexix=\dimen189
\@easy@hsizexviii=\dimen190
\@easy@vsizexviii=\dimen191
\@easy@hsizexvii=\dimen192
\@easy@vsizexvii=\dimen193
\@easy@hsizexvi=\dimen194
\@easy@vsizexvi=\dimen195
\@easy@hsizexv=\dimen196
\@easy@vsizexv=\dimen197
\@easy@hsizexiv=\dimen198
\@easy@vsizexiv=\dimen199
\@easy@hsizexiii=\dimen200
\@easy@vsizexiii=\dimen201
\@easy@hsizexii=\dimen202
\@easy@vsizexii=\dimen203
\@easy@hsizexi=\dimen204
\@easy@vsizexi=\dimen205
\@easy@hsizex=\dimen206
\@easy@vsizex=\dimen207
\@easy@hsizeix=\dimen208
\@easy@vsizeix=\dimen209
\@easy@hsizeviii=\dimen210
\@easy@vsizeviii=\dimen211
\@easy@hsizevii=\dimen212
\@easy@vsizevii=\dimen213
\@easy@hsizevi=\dimen214
\@easy@vsizevi=\dimen215
\@easy@hsizev=\dimen216
\@easy@vsizev=\dimen217
\@easy@hsizeiv=\dimen218
\@easy@vsizeiv=\dimen219
\@easy@hsizeiii=\dimen220
\@easy@vsizeiii=\dimen221
\@easy@hsizeii=\dimen222
\@easy@vsizeii=\dimen223
\@easy@hsizei=\dimen224
\@easy@vsizei=\dimen225
\@easy@dash@len=\dimen226
\@easy@dash@sep=\dimen227
)
Package: easytable 2001/05/31v1.1
\@tab@size@rule=\dimen228
\@tab@size@dash=\dimen229
)
\c@theorem=\count125
 (./thesis.aux)
\openout1 = `thesis.aux'.

LaTeX Font Info:    Checking defaults for OML/cmm/m/it on input line 113.
LaTeX Font Info:    ... okay on input line 113.
LaTeX Font Info:    Checking defaults for T1/cmr/m/n on input line 113.
LaTeX Font Info:    ... okay on input line 113.
LaTeX Font Info:    Checking defaults for OT1/cmr/m/n on input line 113.
LaTeX Font Info:    ... okay on input line 113.
LaTeX Font Info:    Checking defaults for OMS/cmsy/m/n on input line 113.
LaTeX Font Info:    ... okay on input line 113.
LaTeX Font Info:    Checking defaults for OMX/cmex/m/n on input line 113.
LaTeX Font Info:    ... okay on input line 113.
LaTeX Font Info:    Checking defaults for U/cmr/m/n on input line 113.
LaTeX Font Info:    ... okay on input line 113.
LaTeX Font Info:    Checking defaults for T2A/cmr/m/n on input line 113.
LaTeX Font Info:    ... okay on input line 113.
Package srcltx Info: Expanded filename `ucsencs.def' to `ucsencs.def.tex' on in
put line 113.

:<+ ucsencs.def.tex
(/usr/share/texlive/texmf-dist/tex/latex/ucs/ucsencs.def
File: ucsencs.def 2011/01/21 Fixes to fontencodings LGR, T3
)
:<-
(/usr/share/texlive/texmf-dist/tex/context/base/supp-pdf.mkii
[Loading MPS to PDF converter (version 2006.09.02).]
\scratchcounter=\count126
\scratchdimen=\dimen230
\scratchbox=\box39
\nofMPsegments=\count127
\nofMParguments=\count128
\everyMPshowfont=\toks38
\MPscratchCnt=\count129
\MPscratchDim=\dimen231
\MPnumerator=\count130
\makeMPintoPDFobject=\count131
\everyMPtoPDFconversion=\toks39
) (/usr/share/texlive/texmf-dist/tex/generic/oberdiek/pdftexcmds.sty
Package: pdftexcmds 2011/11/29 v0.20 Utility functions of pdfTeX for LuaTeX (HO
)

(/usr/share/texlive/texmf-dist/tex/generic/oberdiek/ifluatex.sty
Package: ifluatex 2010/03/01 v1.3 Provides the ifluatex switch (HO)
Package ifluatex Info: LuaTeX not detected.
)
(/usr/share/texlive/texmf-dist/tex/generic/oberdiek/ifpdf.sty
Package: ifpdf 2011/01/30 v2.3 Provides the ifpdf switch (HO)
Package ifpdf Info: pdfTeX in PDF mode is detected.
)
Package pdftexcmds Info: LuaTeX not detected.
Package pdftexcmds Info: \pdf@primitive is available.
Package pdftexcmds Info: \pdf@ifprimitive is available.
Package pdftexcmds Info: \pdfdraftmode found.
)
(/usr/share/texlive/texmf-dist/tex/latex/oberdiek/epstopdf-base.sty
Package: epstopdf-base 2010/02/09 v2.5 Base part for package epstopdf

(/usr/share/texlive/texmf-dist/tex/latex/oberdiek/grfext.sty
Package: grfext 2010/08/19 v1.1 Manage graphics extensions (HO)

(/usr/share/texlive/texmf-dist/tex/generic/oberdiek/kvdefinekeys.sty
Package: kvdefinekeys 2011/04/07 v1.3 Define keys (HO)
))
(/usr/share/texlive/texmf-dist/tex/latex/oberdiek/kvoptions.sty
Package: kvoptions 2011/06/30 v3.11 Key value format for package options (HO)

(/usr/share/texlive/texmf-dist/tex/generic/oberdiek/kvsetkeys.sty
Package: kvsetkeys 2012/04/25 v1.16 Key value parser (HO)

(/usr/share/texlive/texmf-dist/tex/generic/oberdiek/etexcmds.sty
Package: etexcmds 2011/02/16 v1.5 Avoid name clashes with e-TeX commands (HO)
Package etexcmds Info: Could not find \expanded.
(etexcmds)             That can mean that you are not using pdfTeX 1.50 or
(etexcmds)             that some package has redefined \expanded.
(etexcmds)             In the latter case, load this package earlier.
)))
Package grfext Info: Graphics extension search list:
(grfext)             [.png,.pdf,.jpg,.mps,.jpeg,.jbig2,.jb2,.PNG,.PDF,.JPG,.JPE
G,.JBIG2,.JB2,.eps]
(grfext)             \AppendGraphicsExtensions on input line 452.

(/usr/share/texlive/texmf-dist/tex/latex/latexconfig/epstopdf-sys.cfg
File: epstopdf-sys.cfg 2010/07/13 v1.3 Configuration of (r)epstopdf for TeX Liv
e
))
\c@lstlisting=\count132
Package caption Info: Begin \AtBeginDocument code.
Package caption Info: subfigure package is loaded.
Package caption Info: End \AtBeginDocument code.

(/usr/share/texlive/texmf-dist/tex/latex/ucs/data/uni-4.def
File: uni-4.def 2013/05/13 UCS: Unicode data U+0400..U+04FF
) [1

{/var/lib/texmf/fonts/map/pdftex/updmap/pdftex.map}]
LaTeX Font Info:    Try loading font information for T2A+cmss on input line 163
.

(/usr/share/texlive/texmf-dist/tex/latex/cyrillic/t2acmss.fd
File: t2acmss.fd 2001/08/11 v1.0a Computer Modern Cyrillic font definitions
) (./thesis.toc
LaTeX Font Info:    Try loading font information for U+msa on input line 2.

(/usr/share/texlive/texmf-dist/tex/latex/amsfonts/umsa.fd
File: umsa.fd 2013/01/14 v3.01 AMS symbols A
)
LaTeX Font Info:    Try loading font information for U+msb on input line 2.

(/usr/share/texlive/texmf-dist/tex/latex/amsfonts/umsb.fd
File: umsb.fd 2013/01/14 v3.01 AMS symbols B
) [3])
\tf@toc=\write3
\openout3 = `thesis.toc'.

 [4]
Package srcltx Info: Expanded filename `chapters/intro.tex' to `chapters/intro.
tex' on input line 201.

:<+ chapters/intro.tex
(./chapters/intro.tex [5

])
:<-
Package srcltx Info: Expanded filename `chapters/chapter1.tex' to `chapters/cha
pter1.tex' on input line 202.
:<+ chapters/chapter1.tex
(./chapters/chapter1.tex [6]
\IeC {\CYRG }\IeC {\cyrl }\IeC {\cyra }\IeC {\cyrv }\IeC {\cyra } 1.

Underfull \hbox (badness 4899) in paragraph at lines 9--15
[][]\T2A/cmr/m/n/14.4 ¬ клас-си-че-ской фор-му-ли-ров-ке за-да-ча ком-ми-во-€-ж
е-ра(traveling
 []

LaTeX Font Info:    Try loading font information for OMS+cmr on input line 16.
(/usr/share/texlive/texmf-dist/tex/latex/base/omscmr.fd
File: omscmr.fd 1999/05/25 v2.5h Standard LaTeX font definitions
)
LaTeX Font Info:    Font shape `OMS/cmr/m/n' in size <14.4> not available
(Font)              Font shape `OMS/cmsy/m/n' tried instead on input line 16.
 [7

] [8] [9]
<../img/pic05-comb.png, id=42, 200.75pt x 112.42pt>
File: ../img/pic05-comb.png Graphic file (type png)

<use ../img/pic05-comb.png>
Package pdftex.def Info: ../img/pic05-comb.png used on input line 112.
(pdftex.def)             Requested size: 187.78531pt x 105.16705pt.

<../img/pic05-expand_box.png, id=43, 210.7875pt x 116.435pt>
File: ../img/pic05-expand_box.png Graphic file (type png)

<use ../img/pic05-expand_box.png>
Package pdftex.def Info: ../img/pic05-expand_box.png used on input line 116.
(pdftex.def)             Requested size: 187.78531pt x 103.73163pt.

<../img/pic05-parallel_tacks.png, id=44, 202.7575pt x 116.435pt>
File: ../img/pic05-parallel_tacks.png Graphic file (type png)

<use ../img/pic05-parallel_tacks.png>
Package pdftex.def Info: ../img/pic05-parallel_tacks.png used on input line 121
.
(pdftex.def)             Requested size: 187.78531pt x 107.83925pt.
 [10] [11 <../img/pic05-comb.png> <../img/pic05-expand_box.png> <../img/pic05-p
arallel_tacks.png>]
<../img/pic06-lh.png, id=52, 1087.06125pt x 355.3275pt>
File: ../img/pic06-lh.png Graphic file (type png)

<use ../img/pic06-lh.png>
Package pdftex.def Info: ../img/pic06-lh.png used on input line 155.
(pdftex.def)             Requested size: 469.47046pt x 153.45473pt.

Underfull \hbox (badness 10000) in paragraph at lines 155--156

 []

[12] <../img/pic08-1.png, id=57, 1122.1925pt x 956.57375pt>
File: ../img/pic08-1.png Graphic file (type png)

<use ../img/pic08-1.png>
Package pdftex.def Info: ../img/pic08-1.png used on input line 184.
(pdftex.def)             Requested size: 234.73523pt x 200.08362pt.
 [13 <../img/pic06-lh.png>])
:<-
Package srcltx Info: Expanded filename `chapters/chapter2.tex' to `chapters/cha
pter2.tex' on input line 203.
:<+ chapters/chapter2.tex
(./chapters/chapter2.tex [14 <../img/pic08-1.png>]
\IeC {\CYRG }\IeC {\cyrl }\IeC {\cyra }\IeC {\cyrv }\IeC {\cyra } 2.
<../img/pic03-1.png, id=66, 1122.1925pt x 956.57375pt>
File: ../img/pic03-1.png Graphic file (type png)

<use ../img/pic03-1.png>
Package pdftex.def Info: ../img/pic03-1.png used on input line 10.
(pdftex.def)             Requested size: 187.78531pt x 160.06107pt.

<../img/pic03-4.png, id=67, 1122.1925pt x 956.57375pt>
File: ../img/pic03-4.png Graphic file (type png)

<use ../img/pic03-4.png>
Package pdftex.def Info: ../img/pic03-4.png used on input line 14.
(pdftex.def)             Requested size: 187.78531pt x 160.06107pt.

Underfull \hbox (badness 2452) in paragraph at lines 14--14
[]\T2A/cmr/m/n/8 (b) »з-ме-не-ни€ рас-пре-де-ле-ни€ со-глас-но мо-де-ли
 []

[15

 <../img/pic03-1.png> <../img/pic03-4.png>]
Underfull \hbox (badness 1028) in paragraph at lines 38--41
[][]\T2A/cmr/m/n/14.4 ѕроцесс сверт-ки с €д-ром осу-ществ-л€-ет-с€ сле-ду-ю-щим
 об-ра-зом,
 []

[16] [17] <../img/keyframe.png, id=77, 1456.44125pt x 400.49625pt>
File: ../img/keyframe.png Graphic file (type png)

<use ../img/keyframe.png>
Package pdftex.def Info: ../img/keyframe.png used on input line 120.
(pdftex.def)             Requested size: 469.47046pt x 129.0903pt.
 [18 <../img/keyframe.png>] [19]
<../img/pic07-1.png, id=86, 1122.1925pt x 956.57375pt>
File: ../img/pic07-1.png Graphic file (type png)

<use ../img/pic07-1.png>
Package pdftex.def Info: ../img/pic07-1.png used on input line 166.
(pdftex.def)             Requested size: 225.34381pt x 192.08495pt.

<../img/pic07-2.png, id=87, 1122.1925pt x 956.57375pt>
File: ../img/pic07-2.png Graphic file (type png)

<use ../img/pic07-2.png>
Package pdftex.def Info: ../img/pic07-2.png used on input line 172.
(pdftex.def)             Requested size: 225.34381pt x 192.08495pt.
 [20 <../img/pic07-1.png> <../img/pic07-2.png>]
<../img/pic07-3.png, id=92, 1122.1925pt x 956.57375pt>
File: ../img/pic07-3.png Graphic file (type png)

<use ../img/pic07-3.png>
Package pdftex.def Info: ../img/pic07-3.png used on input line 195.
(pdftex.def)             Requested size: 225.34381pt x 192.08495pt.

<../img/pic07-4.png, id=93, 1122.1925pt x 956.57375pt>
File: ../img/pic07-4.png Graphic file (type png)

<use ../img/pic07-4.png>
Package pdftex.def Info: ../img/pic07-4.png used on input line 201.
(pdftex.def)             Requested size: 225.34381pt x 192.08495pt.
 [21 <../img/pic07-3.png> <../img/pic07-4.png>]
<../img/pic07-5.png, id=97, 1122.1925pt x 956.57375pt>
File: ../img/pic07-5.png Graphic file (type png)

<use ../img/pic07-5.png>
Package pdftex.def Info: ../img/pic07-5.png used on input line 226.
(pdftex.def)             Requested size: 375.57779pt x 320.13672pt.

<../img/pic08-2.png, id=98, 1267.73625pt x 784.9325pt>
File: ../img/pic08-2.png Graphic file (type png)

<use ../img/pic08-2.png>
Package pdftex.def Info: ../img/pic08-2.png used on input line 234.
(pdftex.def)             Requested size: 469.47046pt x 290.672pt.
 [22 <../img/pic07-5.png>])
:<-
Package srcltx Info: Expanded filename `chapters/chapter3.tex' to `chapters/cha
pter3.tex' on input line 204.
:<+ chapters/chapter3.tex
(./chapters/chapter3.tex [23 <../img/pic08-2.png>]
\IeC {\CYRG }\IeC {\cyrl }\IeC {\cyra }\IeC {\cyrv }\IeC {\cyra } 3.

Underfull \hbox (badness 10000) in paragraph at lines 3--4
[]\T2A/cmss/bx/n/24.88 √лава 3. јл-го-ритм по-стро-е-ни€
 []


Underfull \hbox (badness 1092) in paragraph at lines 27--28
[][]\T2A/cmr/m/n/14.4 —осто€нием ди-на-ми-че-ско-го про-грам-ми-ро-ва-ни€ €в-л€
-ет-с€ кор-теж
 []

[24

]
Underfull \hbox (badness 3354) in paragraph at lines 31--37
\T2A/cmr/m/n/14.4 ду дву-м€ со-сед-ни-ми €чей-ка-ми по го-ри-зон-та-ли, а за $\
OML/cmm/m/it/14.4 time[]$
 []


Underfull \hbox (badness 5288) in paragraph at lines 31--37
\T2A/cmr/m/n/14.4 --- по вер-ти-ка-ли, то те-ку-щее вре-м€ мож-но по-счи-тать к
ак
 []

[25] <../img/dpzones.png, id=111, 663.47874pt x 910.40125pt>
File: ../img/dpzones.png Graphic file (type png)

<use ../img/dpzones.png>
Package pdftex.def Info: ../img/dpzones.png used on input line 64.
(pdftex.def)             Requested size: 234.73523pt x 322.09032pt.
 [26]
Underfull \hbox (badness 10000) in paragraph at lines 89--94
[][]\T2A/cmr/m/n/14.4 –озовый и оран-же-вый тип от-ли-ча-ют-с€ лишь по-ло-же-
 []


Underfull \hbox (badness 10000) in paragraph at lines 89--94
\T2A/cmr/m/n/14.4 ни-ем от-но-си-тель-но марш-ру-та, спра-ва или сле-ва со-от-в
ет-ствен-
 []


Underfull \hbox (badness 10000) in paragraph at lines 89--94
\T2A/cmr/m/n/14.4 но. ћат-ри-ца дл€ оран-же-во-го $[]\OML/cmm/m/it/14.4 hl\OT1/
cmr/m/n/14.4 [\OML/cmm/m/it/14.4 row\OT1/cmr/m/n/14.4 ][\OML/cmm/m/it/14.4 col\
OT1/cmr/m/n/14.4 ][\OML/cmm/m/it/14.4 notCleared\OT1/cmr/m/n/14.4 ]$ \T2A/cmr/m
/n/14.4 --- со-дер-
 []


Underfull \hbox (badness 10000) in paragraph at lines 89--94
\T2A/cmr/m/n/14.4 жит сум-му в $[]\OT1/cmr/m/n/14.4 [\OML/cmm/m/it/14.4 w[]\OT1
/cmr/m/n/14.4 (\OML/cmm/m/it/14.4 col\OT1/cmr/m/n/14.4 ) \OMS/cmsy/m/n/14.4 ^^@
 \OML/cmm/m/it/14.4 r; w[]\OT1/cmr/m/n/14.4 (\OML/cmm/m/it/14.4 col\OT1/cmr/m/n
/14.4 )] \OMS/cmsy/m/n/14.4 ^^B \OT1/cmr/m/n/14.4 [\OML/cmm/m/it/14.4 w[]\OT1/c
mr/m/n/14.4 (\OML/cmm/m/it/14.4 row \OMS/cmsy/m/n/14.4 ^^@ \OT1/cmr/m/n/14.4 1)
\OML/cmm/m/it/14.4 ; w[]\OT1/cmr/m/n/14.4 (\OML/cmm/m/it/14.4 row\OT1/cmr/m/n/1
4.4 )]$\T2A/cmr/m/n/14.4 .
 []


Underfull \hbox (badness 10000) in paragraph at lines 89--94
\T2A/cmr/m/n/14.4 ћат-ри-ца дл€ ро-зо-во-го $[]\OML/cmm/m/it/14.4 hr\OT1/cmr/m/
n/14.4 [\OML/cmm/m/it/14.4 row\OT1/cmr/m/n/14.4 ][\OML/cmm/m/it/14.4 col\OT1/cm
r/m/n/14.4 ][\OML/cmm/m/it/14.4 notCleared\OT1/cmr/m/n/14.4 ]$ \T2A/cmr/m/n/14.
4 --- со-дер-жит
 []

[27 <../img/dpzones.png>]
Underfull \hbox (badness 1259) in paragraph at lines 95--101
\T2A/cmr/m/n/14.4 как об-ласть си-не-го. ƒл€ ис-клю-че-ни€ пер-во-го оши-боч-но
 по-счи-тан-но-
 []


Underfull \hbox (badness 5446) in paragraph at lines 95--101
\T2A/cmr/m/n/14.4 го ра-за необ-хо-ди-мо пред-по-счи-тать мат-ри-цу $[]\OML/cmm
/m/it/14.4 ol\OT1/cmr/m/n/14.4 [\OML/cmm/m/it/14.4 row\OT1/cmr/m/n/14.4 ][\OML/
cmm/m/it/14.4 col\OT1/cmr/m/n/14.4 ][\OML/cmm/m/it/14.4 notCleared\OT1/cmr/m/n/
14.4 ]$
 []


Underfull \hbox (badness 1648) in paragraph at lines 95--101
\T2A/cmr/m/n/14.4 --- об-ласть $\OT1/cmr/m/n/14.4 [\OML/cmm/m/it/14.4 w[]\OT1/c
mr/m/n/14.4 (\OML/cmm/m/it/14.4 col\OT1/cmr/m/n/14.4 ) \OMS/cmsy/m/n/14.4 ^^@ \
OML/cmm/m/it/14.4 r; w[]\OT1/cmr/m/n/14.4 (\OML/cmm/m/it/14.4 col\OT1/cmr/m/n/1
4.4 )] \OMS/cmsy/m/n/14.4 ^^B \OT1/cmr/m/n/14.4 [\OML/cmm/m/it/14.4 w[]\OT1/cmr
/m/n/14.4 (\OML/cmm/m/it/14.4 row\OT1/cmr/m/n/14.4 ) \OMS/cmsy/m/n/14.4 ^^@ \OM
L/cmm/m/it/14.4 r; w[]\OT1/cmr/m/n/14.4 (\OML/cmm/m/it/14.4 row\OT1/cmr/m/n/14.
4 )]$ \T2A/cmr/m/n/14.4 и мат-ри-цу
 []


Overfull \hbox (16.53792pt too wide) in paragraph at lines 95--101
[]\OML/cmm/m/it/14.4 or\OT1/cmr/m/n/14.4 [\OML/cmm/m/it/14.4 row\OT1/cmr/m/n/14
.4 ][\OML/cmm/m/it/14.4 col\OT1/cmr/m/n/14.4 ][\OML/cmm/m/it/14.4 notCleared\OT
1/cmr/m/n/14.4 ]$ \T2A/cmr/m/n/14.4 --- об-ласть $\OT1/cmr/m/n/14.4 [\OML/cmm/m
/it/14.4 w[]\OT1/cmr/m/n/14.4 (\OML/cmm/m/it/14.4 col\OT1/cmr/m/n/14.4 )\OML/cm
m/m/it/14.4 ; w[]\OT1/cmr/m/n/14.4 (\OML/cmm/m/it/14.4 col\OT1/cmr/m/n/14.4 ) +
 \OML/cmm/m/it/14.4 r\OT1/cmr/m/n/14.4 ] \OMS/cmsy/m/n/14.4 ^^B \OT1/cmr/m/n/14
.4 [\OML/cmm/m/it/14.4 w[]\OT1/cmr/m/n/14.4 (\OML/cmm/m/it/14.4 row\OT1/cmr/m/n
/14.4 ) \OMS/cmsy/m/n/14.4 ^^@ \OML/cmm/m/it/14.4 r; w[]\OT1/cmr/m/n/14.4 (\OML
/cmm/m/it/14.4 row\OT1/cmr/m/n/14.4 )]$\T2A/cmr/m/n/14.4 . 
 []


Overfull \hbox (4.49197pt too wide) in paragraph at lines 118--159
 [][] 
 []

[28] [29] <../img/pic02-init.png, id=126, 1122.1925pt x 956.57375pt>
File: ../img/pic02-init.png Graphic file (type png)

<use ../img/pic02-init.png>
Package pdftex.def Info: ../img/pic02-init.png used on input line 189.
(pdftex.def)             Requested size: 187.78531pt x 160.06107pt.

<../img/pic02-before.png, id=127, 1122.1925pt x 956.57375pt>
File: ../img/pic02-before.png Graphic file (type png)

<use ../img/pic02-before.png>
Package pdftex.def Info: ../img/pic02-before.png used on input line 195.
(pdftex.def)             Requested size: 187.78531pt x 160.06107pt.
 [30]
<../img/pic02-after.png, id=131, 1122.1925pt x 956.57375pt>
File: ../img/pic02-after.png Graphic file (type png)

<use ../img/pic02-after.png>
Package pdftex.def Info: ../img/pic02-after.png used on input line 212.
(pdftex.def)             Requested size: 187.78531pt x 160.06107pt.
 [31 <../img/pic02-init.png> <../img/pic02-before.png> <../img/pic02-after.png>
])
:<-
Package srcltx Info: Expanded filename `chapters/chapter4.tex' to `chapters/cha
pter4.tex' on input line 205.
:<+ chapters/chapter4.tex
(./chapters/chapter4.tex [32]
\IeC {\CYRG }\IeC {\cyrl }\IeC {\cyra }\IeC {\cyrv }\IeC {\cyra } 4.
[33

] [34] [35] <../img/t1op.png, id=149, 1122.1925pt x 956.57375pt>
File: ../img/t1op.png Graphic file (type png)

<use ../img/t1op.png>
Package pdftex.def Info: ../img/t1op.png used on input line 108.
(pdftex.def)             Requested size: 187.78531pt x 160.06107pt.
 <../img/t1os.png, id=150, 1134.2375pt x 1013.7875pt>
File: ../img/t1os.png Graphic file (type png)

<use ../img/t1os.png>
Package pdftex.def Info: ../img/t1os.png used on input line 108.
(pdftex.def)             Requested size: 187.78531pt x 167.84007pt.
 <../img/t1np.png, id=151, 1122.1925pt x 956.57375pt>
File: ../img/t1np.png Graphic file (type png)

<use ../img/t1np.png>
Package pdftex.def Info: ../img/t1np.png used on input line 108.
(pdftex.def)             Requested size: 187.78531pt x 160.06107pt.
 <../img/t1ns.png, id=152, 1119.18124pt x 919.435pt>
File: ../img/t1ns.png Graphic file (type png)

<use ../img/t1ns.png>
Package pdftex.def Info: ../img/t1ns.png used on input line 108.
(pdftex.def)             Requested size: 187.78531pt x 154.26761pt.
 <../img/t1sp.png, id=153, 1122.1925pt x 956.57375pt>
File: ../img/t1sp.png Graphic file (type png)

<use ../img/t1sp.png>
Package pdftex.def Info: ../img/t1sp.png used on input line 108.
(pdftex.def)             Requested size: 187.78531pt x 160.06107pt.
 <../img/t1ss.png, id=154, 1135.24126pt x 903.375pt>
File: ../img/t1ss.png Graphic file (type png)

<use ../img/t1ss.png>
Package pdftex.def Info: ../img/t1ss.png used on input line 108.
(pdftex.def)             Requested size: 187.78531pt x 149.42262pt.
 <../img/t2op.png, id=155, 1122.1925pt x 956.57375pt>
File: ../img/t2op.png Graphic file (type png)

<use ../img/t2op.png>
Package pdftex.def Info: ../img/t2op.png used on input line 109.
(pdftex.def)             Requested size: 187.78531pt x 160.06107pt.
 <../img/t2os.png, id=156, 1125.20375pt x 900.36375pt>
File: ../img/t2os.png Graphic file (type png)

<use ../img/t2os.png>
Package pdftex.def Info: ../img/t2os.png used on input line 109.
(pdftex.def)             Requested size: 187.78531pt x 150.25717pt.
 <../img/t2np.png, id=157, 1122.1925pt x 956.57375pt>
File: ../img/t2np.png Graphic file (type png)

<use ../img/t2np.png>
Package pdftex.def Info: ../img/t2np.png used on input line 109.
(pdftex.def)             Requested size: 187.78531pt x 160.06107pt.
 <../img/t2ns.png, id=158, 1130.2225pt x 902.37125pt>
File: ../img/t2ns.png Graphic file (type png)

<use ../img/t2ns.png>
Package pdftex.def Info: ../img/t2ns.png used on input line 109.
(pdftex.def)             Requested size: 187.78531pt x 149.91751pt.
 <../img/t2sp.png, id=159, 1122.1925pt x 956.57375pt>
File: ../img/t2sp.png Graphic file (type png)

<use ../img/t2sp.png>
Package pdftex.def Info: ../img/t2sp.png used on input line 109.
(pdftex.def)             Requested size: 187.78531pt x 160.06107pt.
 <../img/t2ss.png, id=160, 1141.26375pt x 908.39375pt>
File: ../img/t2ss.png Graphic file (type png)

<use ../img/t2ss.png>
Package pdftex.def Info: ../img/t2ss.png used on input line 109.
(pdftex.def)             Requested size: 187.78531pt x 149.46266pt.
 <../img/t4op.png, id=161, 1122.1925pt x 956.57375pt>
File: ../img/t4op.png Graphic file (type png)

<use ../img/t4op.png>
Package pdftex.def Info: ../img/t4op.png used on input line 110.
(pdftex.def)             Requested size: 187.78531pt x 160.06107pt.
 <../img/t4os.png, id=162, 1123.19624pt x 905.3825pt>
File: ../img/t4os.png Graphic file (type png)

<use ../img/t4os.png>
Package pdftex.def Info: ../img/t4os.png used on input line 110.
(pdftex.def)             Requested size: 187.78531pt x 151.35721pt.
 <../img/t4np.png, id=163, 1122.1925pt x 956.57375pt>
File: ../img/t4np.png Graphic file (type png)

<use ../img/t4np.png>
Package pdftex.def Info: ../img/t4np.png used on input line 110.
(pdftex.def)             Requested size: 187.78531pt x 160.06107pt.
 <../img/t4ns.png, id=164, 1121.18875pt x 901.3675pt>
File: ../img/t4ns.png Graphic file (type png)

<use ../img/t4ns.png>
Package pdftex.def Info: ../img/t4ns.png used on input line 110.
(pdftex.def)             Requested size: 187.78531pt x 150.96107pt.
 <../img/t4sp.png, id=165, 1122.1925pt x 956.57375pt>
File: ../img/t4sp.png Graphic file (type png)

<use ../img/t4sp.png>
Package pdftex.def Info: ../img/t4sp.png used on input line 110.
(pdftex.def)             Requested size: 187.78531pt x 160.06107pt.
 <../img/t4ss.png, id=166, 1119.18124pt x 907.39pt>
File: ../img/t4ss.png Graphic file (type png)

<use ../img/t4ss.png>
Package pdftex.def Info: ../img/t4ss.png used on input line 110.
(pdftex.def)             Requested size: 187.78531pt x 152.24664pt.
 [36] [37 <../img/t1op.png> <../img/t1os.png> <../img/t1np.png> <../img/t1ns.pn
g> <../img/t1sp.png> <../img/t1ss.png>] [38 <../img/t2op.png> <../img/t2os.png>
 <../img/t2np.png> <../img/t2ns.png> <../img/t2sp.png> <../img/t2ss.png>] [39 <
../img/t4op.png> <../img/t4os.png> <../img/t4np.png> <../img/t4ns.png> <../img/
t4sp.png> <../img/t4ss.png>])
:<-
:<+ thesis.bbl
No file thesis.bbl.
:<-
[40

] (./thesis.aux) ) 
Here is how much of TeX's memory you used:
 7942 strings out of 494515
 111058 string characters out of 6173718
 181384 words of memory out of 5000000
 10954 multiletter control sequences out of 15000+600000
 16607 words of font info for 40 fonts, out of 8000000 for 9000
 430 hyphenation exceptions out of 8191
 38i,10n,43p,1121b,629s stack positions out of 5000i,500n,10000p,200000b,80000s
 </home/antonkov/.texmf-var/fonts/pk/ljfour/lh/lh-t2a/larm080
0.600pk> </home/antonkov/.texmf-var/fonts/pk/ljfour/lh/lh-t2a/lasx1440.600pk> <
/home/antonkov/.texmf-var/fonts/pk/ljfour/lh/lh-t2a/laxc1728.600pk> </home/anto
nkov/.texmf-var/fonts/pk/ljfour/lh/lh-t2a/labx1440.600pk> </home/antonkov/.texm
f-var/fonts/pk/ljfour/lh/lh-t2a/lasx2488.600pk> </home/antonkov/.texmf-var/font
s/pk/ljfour/lh/lh-t2a/labx1728.600pk> </home/antonkov/.texmf-var/fonts/pk/ljfou
r/lh/lh-t2a/larm1440.600pk> </home/antonkov/.texmf-var/fonts/pk/ljfour/lh/lh-t2
a/larm1000.600pk></usr/share/texlive/texmf-dist/fonts/type1/public/amsfonts/cm/
cmex10.pfb></usr/share/texlive/texmf-dist/fonts/type1/public/amsfonts/cm/cmmi10
.pfb></usr/share/texlive/texmf-dist/fonts/type1/public/amsfonts/cm/cmmi12.pfb><
/usr/share/texlive/texmf-dist/fonts/type1/public/amsfonts/cm/cmmi7.pfb></usr/sh
are/texlive/texmf-dist/fonts/type1/public/amsfonts/cm/cmr10.pfb></usr/share/tex
live/texmf-dist/fonts/type1/public/amsfonts/cm/cmr12.pfb></usr/share/texlive/te
xmf-dist/fonts/type1/public/amsfonts/cm/cmr7.pfb></usr/share/texlive/texmf-dist
/fonts/type1/public/amsfonts/cm/cmsy10.pfb></usr/share/texlive/texmf-dist/fonts
/type1/public/amsfonts/cm/cmsy7.pfb>
Output written on thesis.pdf (39 pages, 3025063 bytes).
PDF statistics:
 656 PDF objects out of 1000 (max. 8388607)
 149 compressed objects within 2 object streams
 0 named destinations out of 1000 (max. 500000)
 181 words of extra memory for PDF output out of 10000 (max. 10000000)

